2024-08-08T16:21:14.239-05:00  INFO 49916 --- [grabandgo-backend] [restartedMain] c.g.g.GrabandgoBackendApplication        : Starting GrabandgoBackendApplication using Java 17.0.11 with PID 49916 (C:\Kike\Programacion\Spring\ProyectoFinal\grabandgo-backend\target\classes started by Usuario in C:\Kike\Programacion\Spring\ProyectoFinal\grabandgo-backend)
2024-08-08T16:21:14.276-05:00  INFO 49916 --- [grabandgo-backend] [restartedMain] c.g.g.GrabandgoBackendApplication        : No active profile set, falling back to 1 default profile: "default"
2024-08-08T16:21:14.613-05:00  INFO 49916 --- [grabandgo-backend] [restartedMain] .e.DevToolsPropertyDefaultsPostProcessor : Devtools property defaults active! Set 'spring.devtools.add-properties' to 'false' to disable
2024-08-08T16:21:14.615-05:00  INFO 49916 --- [grabandgo-backend] [restartedMain] .e.DevToolsPropertyDefaultsPostProcessor : For additional web related logging consider setting the 'logging.level.web' property to 'DEBUG'
2024-08-08T16:21:20.433-05:00  INFO 49916 --- [grabandgo-backend] [restartedMain] .s.d.r.c.RepositoryConfigurationDelegate : Bootstrapping Spring Data JPA repositories in DEFAULT mode.
2024-08-08T16:21:21.589-05:00  INFO 49916 --- [grabandgo-backend] [restartedMain] .s.d.r.c.RepositoryConfigurationDelegate : Finished Spring Data repository scanning in 1066 ms. Found 21 JPA repository interfaces.
2024-08-08T16:21:26.642-05:00  INFO 49916 --- [grabandgo-backend] [restartedMain] o.s.b.w.embedded.tomcat.TomcatWebServer  : Tomcat initialized with port 8080 (http)
2024-08-08T16:21:26.707-05:00  INFO 49916 --- [grabandgo-backend] [restartedMain] o.apache.catalina.core.StandardService   : Starting service [Tomcat]
2024-08-08T16:21:26.712-05:00  INFO 49916 --- [grabandgo-backend] [restartedMain] o.apache.catalina.core.StandardEngine    : Starting Servlet engine: [Apache Tomcat/10.1.26]
2024-08-08T16:21:27.268-05:00  INFO 49916 --- [grabandgo-backend] [restartedMain] o.a.c.c.C.[Tomcat].[localhost].[/]       : Initializing Spring embedded WebApplicationContext
2024-08-08T16:21:27.271-05:00  INFO 49916 --- [grabandgo-backend] [restartedMain] w.s.c.ServletWebServerApplicationContext : Root WebApplicationContext: initialization completed in 12652 ms
2024-08-08T16:21:28.073-05:00  INFO 49916 --- [grabandgo-backend] [restartedMain] o.hibernate.jpa.internal.util.LogHelper  : HHH000204: Processing PersistenceUnitInfo [name: default]
2024-08-08T16:21:28.436-05:00  INFO 49916 --- [grabandgo-backend] [restartedMain] org.hibernate.Version                    : HHH000412: Hibernate ORM core version 6.4.9.Final
2024-08-08T16:21:28.623-05:00  INFO 49916 --- [grabandgo-backend] [restartedMain] o.h.c.internal.RegionFactoryInitiator    : HHH000026: Second-level cache disabled
2024-08-08T16:21:29.833-05:00  INFO 49916 --- [grabandgo-backend] [restartedMain] o.s.o.j.p.SpringPersistenceUnitInfo      : No LoadTimeWeaver setup: ignoring JPA class transformer
2024-08-08T16:21:30.056-05:00  INFO 49916 --- [grabandgo-backend] [restartedMain] com.zaxxer.hikari.HikariDataSource       : HikariPool-1 - Starting...
2024-08-08T16:21:34.857-05:00  INFO 49916 --- [grabandgo-backend] [restartedMain] com.zaxxer.hikari.pool.HikariPool        : HikariPool-1 - Added connection org.postgresql.jdbc.PgConnection@6c5de5a
2024-08-08T16:21:34.861-05:00  INFO 49916 --- [grabandgo-backend] [restartedMain] com.zaxxer.hikari.HikariDataSource       : HikariPool-1 - Start completed.
2024-08-08T16:21:43.704-05:00  INFO 49916 --- [grabandgo-backend] [restartedMain] o.h.e.t.j.p.i.JtaPlatformInitiator       : HHH000489: No JTA platform available (set 'hibernate.transaction.jta.platform' to enable JTA platform integration)
2024-08-08T16:21:57.780-05:00  INFO 49916 --- [grabandgo-backend] [restartedMain] j.LocalContainerEntityManagerFactoryBean : Initialized JPA EntityManagerFactory for persistence unit 'default'
2024-08-08T16:21:58.626-05:00 DEBUG 49916 --- [grabandgo-backend] [restartedMain] c.g.g.jwt.JwtAuthenticationFilter        : Filter 'jwtAuthenticationFilter' configured for use
2024-08-08T16:22:01.727-05:00  INFO 49916 --- [grabandgo-backend] [restartedMain] o.s.s.web.DefaultSecurityFilterChain     : Will secure any request with [org.springframework.security.web.session.DisableEncodeUrlFilter@4e1d4bb9, org.springframework.security.web.context.request.async.WebAsyncManagerIntegrationFilter@20c75300, org.springframework.security.web.context.SecurityContextHolderFilter@320e8772, org.springframework.security.web.header.HeaderWriterFilter@177db6bb, org.springframework.web.filter.CorsFilter@39a13d30, org.springframework.security.web.authentication.logout.LogoutFilter@71842e1e, com.grabandgo.grabandgo_backend.jwt.JwtAuthenticationFilter@606424de, org.springframework.security.web.savedrequest.RequestCacheAwareFilter@1af65307, org.springframework.security.web.servletapi.SecurityContextHolderAwareRequestFilter@7c3b4d37, org.springframework.security.web.authentication.AnonymousAuthenticationFilter@7045b737, org.springframework.security.web.session.SessionManagementFilter@2c7ff8d9, org.springframework.security.web.access.ExceptionTranslationFilter@3b33afb9, org.springframework.security.web.access.intercept.AuthorizationFilter@38dacdcf]
2024-08-08T16:22:03.087-05:00  WARN 49916 --- [grabandgo-backend] [restartedMain] o.s.b.d.a.OptionalLiveReloadServer       : Unable to start LiveReload server
2024-08-08T16:22:03.201-05:00  WARN 49916 --- [grabandgo-backend] [restartedMain] ConfigServletWebServerApplicationContext : Exception encountered during context initialization - cancelling refresh attempt: org.springframework.context.ApplicationContextException: Failed to start bean 'webServerStartStop'
2024-08-08T16:22:03.257-05:00  INFO 49916 --- [grabandgo-backend] [restartedMain] j.LocalContainerEntityManagerFactoryBean : Closing JPA EntityManagerFactory for persistence unit 'default'
2024-08-08T16:22:03.283-05:00  INFO 49916 --- [grabandgo-backend] [restartedMain] com.zaxxer.hikari.HikariDataSource       : HikariPool-1 - Shutdown initiated...
2024-08-08T16:22:04.290-05:00  INFO 49916 --- [grabandgo-backend] [restartedMain] com.zaxxer.hikari.HikariDataSource       : HikariPool-1 - Shutdown completed.
2024-08-08T16:22:04.335-05:00  INFO 49916 --- [grabandgo-backend] [restartedMain] .s.b.a.l.ConditionEvaluationReportLogger : 

Error starting ApplicationContext. To display the condition evaluation report re-run your application with 'debug' enabled.
2024-08-08T16:22:04.422-05:00 ERROR 49916 --- [grabandgo-backend] [restartedMain] o.s.b.d.LoggingFailureAnalysisReporter   : 

***************************
APPLICATION FAILED TO START
***************************

Description:

Web server failed to start. Port 8080 was already in use.

Action:

Identify and stop the process that's listening on port 8080 or configure this application to listen on another port.

2024-08-08T16:22:20.650-05:00  INFO 50688 --- [grabandgo-backend] [restartedMain] c.g.g.GrabandgoBackendApplication        : Starting GrabandgoBackendApplication using Java 17.0.11 with PID 50688 (C:\Kike\Programacion\Spring\ProyectoFinal\grabandgo-backend\target\classes started by Usuario in C:\Kike\Programacion\Spring\ProyectoFinal\grabandgo-backend)
2024-08-08T16:22:20.670-05:00  INFO 50688 --- [grabandgo-backend] [restartedMain] c.g.g.GrabandgoBackendApplication        : No active profile set, falling back to 1 default profile: "default"
2024-08-08T16:22:21.245-05:00  INFO 50688 --- [grabandgo-backend] [restartedMain] .e.DevToolsPropertyDefaultsPostProcessor : Devtools property defaults active! Set 'spring.devtools.add-properties' to 'false' to disable
2024-08-08T16:22:21.268-05:00  INFO 50688 --- [grabandgo-backend] [restartedMain] .e.DevToolsPropertyDefaultsPostProcessor : For additional web related logging consider setting the 'logging.level.web' property to 'DEBUG'
2024-08-08T16:22:28.333-05:00  INFO 50688 --- [grabandgo-backend] [restartedMain] .s.d.r.c.RepositoryConfigurationDelegate : Bootstrapping Spring Data JPA repositories in DEFAULT mode.
2024-08-08T16:22:29.185-05:00  INFO 50688 --- [grabandgo-backend] [restartedMain] .s.d.r.c.RepositoryConfigurationDelegate : Finished Spring Data repository scanning in 779 ms. Found 21 JPA repository interfaces.
2024-08-08T16:22:32.962-05:00  INFO 50688 --- [grabandgo-backend] [restartedMain] o.s.b.w.embedded.tomcat.TomcatWebServer  : Tomcat initialized with port 8080 (http)
2024-08-08T16:22:33.021-05:00  INFO 50688 --- [grabandgo-backend] [restartedMain] o.apache.catalina.core.StandardService   : Starting service [Tomcat]
2024-08-08T16:22:33.023-05:00  INFO 50688 --- [grabandgo-backend] [restartedMain] o.apache.catalina.core.StandardEngine    : Starting Servlet engine: [Apache Tomcat/10.1.26]
2024-08-08T16:22:33.351-05:00  INFO 50688 --- [grabandgo-backend] [restartedMain] o.a.c.c.C.[Tomcat].[localhost].[/]       : Initializing Spring embedded WebApplicationContext
2024-08-08T16:22:33.353-05:00  INFO 50688 --- [grabandgo-backend] [restartedMain] w.s.c.ServletWebServerApplicationContext : Root WebApplicationContext: initialization completed in 12080 ms
2024-08-08T16:22:33.944-05:00  INFO 50688 --- [grabandgo-backend] [restartedMain] o.hibernate.jpa.internal.util.LogHelper  : HHH000204: Processing PersistenceUnitInfo [name: default]
2024-08-08T16:22:34.230-05:00  INFO 50688 --- [grabandgo-backend] [restartedMain] org.hibernate.Version                    : HHH000412: Hibernate ORM core version 6.4.9.Final
2024-08-08T16:22:34.423-05:00  INFO 50688 --- [grabandgo-backend] [restartedMain] o.h.c.internal.RegionFactoryInitiator    : HHH000026: Second-level cache disabled
2024-08-08T16:22:35.687-05:00  INFO 50688 --- [grabandgo-backend] [restartedMain] o.s.o.j.p.SpringPersistenceUnitInfo      : No LoadTimeWeaver setup: ignoring JPA class transformer
2024-08-08T16:22:35.812-05:00  INFO 50688 --- [grabandgo-backend] [restartedMain] com.zaxxer.hikari.HikariDataSource       : HikariPool-1 - Starting...
2024-08-08T16:22:38.755-05:00  INFO 50688 --- [grabandgo-backend] [restartedMain] com.zaxxer.hikari.pool.HikariPool        : HikariPool-1 - Added connection org.postgresql.jdbc.PgConnection@606e6c70
2024-08-08T16:22:38.761-05:00  INFO 50688 --- [grabandgo-backend] [restartedMain] com.zaxxer.hikari.HikariDataSource       : HikariPool-1 - Start completed.
2024-08-08T16:22:44.051-05:00  INFO 50688 --- [grabandgo-backend] [restartedMain] o.h.e.t.j.p.i.JtaPlatformInitiator       : HHH000489: No JTA platform available (set 'hibernate.transaction.jta.platform' to enable JTA platform integration)
2024-08-08T16:22:58.430-05:00  INFO 50688 --- [grabandgo-backend] [restartedMain] j.LocalContainerEntityManagerFactoryBean : Initialized JPA EntityManagerFactory for persistence unit 'default'
2024-08-08T16:22:59.185-05:00 DEBUG 50688 --- [grabandgo-backend] [restartedMain] c.g.g.jwt.JwtAuthenticationFilter        : Filter 'jwtAuthenticationFilter' configured for use
2024-08-08T16:23:03.005-05:00  INFO 50688 --- [grabandgo-backend] [restartedMain] o.s.s.web.DefaultSecurityFilterChain     : Will secure any request with [org.springframework.security.web.session.DisableEncodeUrlFilter@462a26f0, org.springframework.security.web.context.request.async.WebAsyncManagerIntegrationFilter@3920568e, org.springframework.security.web.context.SecurityContextHolderFilter@174b0bce, org.springframework.security.web.header.HeaderWriterFilter@2b6aa45, org.springframework.web.filter.CorsFilter@3bb5a863, org.springframework.security.web.authentication.logout.LogoutFilter@772dcb80, com.grabandgo.grabandgo_backend.jwt.JwtAuthenticationFilter@314deaee, org.springframework.security.web.savedrequest.RequestCacheAwareFilter@6e39f48c, org.springframework.security.web.servletapi.SecurityContextHolderAwareRequestFilter@3753e724, org.springframework.security.web.authentication.AnonymousAuthenticationFilter@23808034, org.springframework.security.web.session.SessionManagementFilter@453e1705, org.springframework.security.web.access.ExceptionTranslationFilter@5f24704e, org.springframework.security.web.access.intercept.AuthorizationFilter@3e182da6]
2024-08-08T16:23:04.598-05:00  INFO 50688 --- [grabandgo-backend] [restartedMain] o.s.b.d.a.OptionalLiveReloadServer       : LiveReload server is running on port 35729
2024-08-08T16:23:04.871-05:00  INFO 50688 --- [grabandgo-backend] [restartedMain] o.s.b.w.embedded.tomcat.TomcatWebServer  : Tomcat started on port 8080 (http) with context path ''
2024-08-08T16:23:05.019-05:00  INFO 50688 --- [grabandgo-backend] [restartedMain] c.g.g.GrabandgoBackendApplication        : Started GrabandgoBackendApplication in 46.696 seconds (process running for 48.816)
2024-08-08T16:23:14.342-05:00  INFO 50688 --- [grabandgo-backend] [http-nio-8080-exec-1] o.a.c.c.C.[Tomcat].[localhost].[/]       : Initializing Spring DispatcherServlet 'dispatcherServlet'
2024-08-08T16:23:14.344-05:00  INFO 50688 --- [grabandgo-backend] [http-nio-8080-exec-1] o.s.web.servlet.DispatcherServlet        : Initializing Servlet 'dispatcherServlet'
2024-08-08T16:23:14.348-05:00  INFO 50688 --- [grabandgo-backend] [http-nio-8080-exec-1] o.s.web.servlet.DispatcherServlet        : Completed initialization in 2 ms
2024-08-08T16:23:15.785-05:00  WARN 50688 --- [grabandgo-backend] [http-nio-8080-exec-1] .w.s.m.s.DefaultHandlerExceptionResolver : Resolved [org.springframework.http.converter.HttpMessageNotWritableException: Could not write JSON: failed to lazily initialize a collection of role: com.grabandgo.grabandgo_backend.country.domain.Country.regions: could not initialize proxy - no Session]
2024-08-08T16:25:22.176-05:00  INFO 50688 --- [grabandgo-backend] [File Watcher] rtingClassPathChangeChangedEventListener : Restarting due to 1 class path change (0 additions, 0 deletions, 1 modification)
2024-08-08T16:25:23.404-05:00  INFO 50688 --- [grabandgo-backend] [Thread-5] j.LocalContainerEntityManagerFactoryBean : Closing JPA EntityManagerFactory for persistence unit 'default'
2024-08-08T16:25:23.562-05:00  INFO 50688 --- [grabandgo-backend] [Thread-5] com.zaxxer.hikari.HikariDataSource       : HikariPool-1 - Shutdown initiated...
2024-08-08T16:25:24.607-05:00  INFO 50688 --- [grabandgo-backend] [Thread-5] com.zaxxer.hikari.HikariDataSource       : HikariPool-1 - Shutdown completed.
